{"/Users/ollihirvonen/codestuff/fullstack-project/src/utils.js": {"path":"/Users/ollihirvonen/codestuff/fullstack-project/src/utils.js","statementMap":{"0":{"start":{"line":1,"column":26},"end":{"line":6,"column":1}},"1":{"start":{"line":2,"column":2},"end":{"line":4,"column":3}},"2":{"start":{"line":3,"column":4},"end":{"line":3,"column":64}},"3":{"start":{"line":5,"column":2},"end":{"line":5,"column":49}}},"fnMap":{"0":{"name":"(anonymous_0)","decl":{"start":{"line":1,"column":26},"end":{"line":1,"column":27}},"loc":{"start":{"line":1,"column":39},"end":{"line":6,"column":1}},"line":1}},"branchMap":{"0":{"loc":{"start":{"line":2,"column":2},"end":{"line":4,"column":3}},"type":"if","locations":[{"start":{"line":2,"column":2},"end":{"line":4,"column":3}},{"start":{"line":2,"column":2},"end":{"line":4,"column":3}}],"line":2}},"s":{"0":2,"1":15,"2":15,"3":0},"f":{"0":15},"b":{"0":[15,0]},"_coverageSchema":"1a1c01bbd47fc00a2c39e90264f33305004495a9","hash":"7378602d6a867b5a79c80a86a04a53a97d9b9c34"}
,"/Users/ollihirvonen/codestuff/fullstack-project/src/components/Alert.jsx": {"path":"/Users/ollihirvonen/codestuff/fullstack-project/src/components/Alert.jsx","statementMap":{"0":{"start":{"line":12,"column":22},"end":{"line":15,"column":3}},"1":{"start":{"line":13,"column":4},"end":{"line":13,"column":19}},"2":{"start":{"line":14,"column":4},"end":{"line":14,"column":13}},"3":{"start":{"line":17,"column":2},"end":{"line":38,"column":4}}},"fnMap":{"0":{"name":"AlertDialog","decl":{"start":{"line":9,"column":24},"end":{"line":9,"column":35}},"loc":{"start":{"line":11,"column":3},"end":{"line":39,"column":1}},"line":11},"1":{"name":"(anonymous_1)","decl":{"start":{"line":12,"column":22},"end":{"line":12,"column":23}},"loc":{"start":{"line":12,"column":28},"end":{"line":15,"column":3}},"line":12}},"branchMap":{},"s":{"0":8,"1":1,"2":1,"3":8},"f":{"0":8,"1":1},"b":{},"_coverageSchema":"1a1c01bbd47fc00a2c39e90264f33305004495a9","hash":"46c032a8052dcb61ac924048556df4c4de0a27bd"}
,"/Users/ollihirvonen/codestuff/fullstack-project/src/components/Confirm.jsx": {"path":"/Users/ollihirvonen/codestuff/fullstack-project/src/components/Confirm.jsx","statementMap":{"0":{"start":{"line":12,"column":22},"end":{"line":14,"column":3}},"1":{"start":{"line":13,"column":4},"end":{"line":13,"column":19}},"2":{"start":{"line":16,"column":2},"end":{"line":40,"column":4}}},"fnMap":{"0":{"name":"ConfirmDialog","decl":{"start":{"line":9,"column":24},"end":{"line":9,"column":37}},"loc":{"start":{"line":11,"column":3},"end":{"line":41,"column":1}},"line":11},"1":{"name":"(anonymous_1)","decl":{"start":{"line":12,"column":22},"end":{"line":12,"column":23}},"loc":{"start":{"line":12,"column":28},"end":{"line":14,"column":3}},"line":12}},"branchMap":{},"s":{"0":7,"1":1,"2":7},"f":{"0":7,"1":1},"b":{},"_coverageSchema":"1a1c01bbd47fc00a2c39e90264f33305004495a9","hash":"0b4d8df14e17b0f2e83534fe19928f216fb9de4f"}
,"/Users/ollihirvonen/codestuff/fullstack-project/src/components/Header.jsx": {"path":"/Users/ollihirvonen/codestuff/fullstack-project/src/components/Header.jsx","statementMap":{"0":{"start":{"line":7,"column":18},"end":{"line":11,"column":3}},"1":{"start":{"line":7,"column":36},"end":{"line":11,"column":1}},"2":{"start":{"line":13,"column":15},"end":{"line":50,"column":1}},"3":{"start":{"line":14,"column":18},"end":{"line":14,"column":29}},"4":{"start":{"line":15,"column":2},"end":{"line":49,"column":4}}},"fnMap":{"0":{"name":"(anonymous_0)","decl":{"start":{"line":7,"column":29},"end":{"line":7,"column":30}},"loc":{"start":{"line":7,"column":36},"end":{"line":11,"column":1}},"line":7},"1":{"name":"(anonymous_1)","decl":{"start":{"line":13,"column":15},"end":{"line":13,"column":16}},"loc":{"start":{"line":13,"column":57},"end":{"line":50,"column":1}},"line":13}},"branchMap":{"0":{"loc":{"start":{"line":26,"column":9},"end":{"line":35,"column":87}},"type":"cond-expr","locations":[{"start":{"line":28,"column":12},"end":{"line":33,"column":25}},{"start":{"line":35,"column":12},"end":{"line":35,"column":87}}],"line":26},"1":{"loc":{"start":{"line":38,"column":9},"end":{"line":46,"column":16}},"type":"cond-expr","locations":[{"start":{"line":40,"column":12},"end":{"line":44,"column":15}},{"start":{"line":46,"column":12},"end":{"line":46,"column":16}}],"line":38}},"s":{"0":1,"1":2,"2":1,"3":2,"4":2},"f":{"0":2,"1":2},"b":{"0":[1,1],"1":[1,1]},"_coverageSchema":"1a1c01bbd47fc00a2c39e90264f33305004495a9","hash":"57cb38a3bc9149ac5fc0b90a24852c544280e8c5"}
,"/Users/ollihirvonen/codestuff/fullstack-project/src/components/LoginForm.jsx": {"path":"/Users/ollihirvonen/codestuff/fullstack-project/src/components/LoginForm.jsx","statementMap":{"0":{"start":{"line":11,"column":18},"end":{"line":35,"column":3}},"1":{"start":{"line":11,"column":41},"end":{"line":35,"column":1}},"2":{"start":{"line":37,"column":18},"end":{"line":88,"column":1}},"3":{"start":{"line":38,"column":34},"end":{"line":38,"column":46}},"4":{"start":{"line":39,"column":34},"end":{"line":39,"column":46}},"5":{"start":{"line":40,"column":26},"end":{"line":42,"column":4}},"6":{"start":{"line":44,"column":18},"end":{"line":44,"column":29}},"7":{"start":{"line":46,"column":18},"end":{"line":46,"column":30}},"8":{"start":{"line":47,"column":2},"end":{"line":56,"column":20}},"9":{"start":{"line":48,"column":4},"end":{"line":55,"column":5}},"10":{"start":{"line":49,"column":24},"end":{"line":49,"column":41}},"11":{"start":{"line":50,"column":23},"end":{"line":50,"column":40}},"12":{"start":{"line":51,"column":6},"end":{"line":51,"column":22}},"13":{"start":{"line":52,"column":6},"end":{"line":52,"column":57}},"14":{"start":{"line":53,"column":6},"end":{"line":53,"column":66}},"15":{"start":{"line":54,"column":6},"end":{"line":54,"column":24}},"16":{"start":{"line":58,"column":22},"end":{"line":61,"column":3}},"17":{"start":{"line":59,"column":4},"end":{"line":59,"column":27}},"18":{"start":{"line":60,"column":4},"end":{"line":60,"column":49}},"19":{"start":{"line":62,"column":2},"end":{"line":87,"column":4}},"20":{"start":{"line":71,"column":87},"end":{"line":71,"column":112}},"21":{"start":{"line":74,"column":103},"end":{"line":74,"column":128}}},"fnMap":{"0":{"name":"(anonymous_0)","decl":{"start":{"line":11,"column":29},"end":{"line":11,"column":30}},"loc":{"start":{"line":11,"column":41},"end":{"line":35,"column":1}},"line":11},"1":{"name":"(anonymous_1)","decl":{"start":{"line":37,"column":18},"end":{"line":37,"column":19}},"loc":{"start":{"line":37,"column":36},"end":{"line":88,"column":1}},"line":37},"2":{"name":"(anonymous_2)","decl":{"start":{"line":47,"column":12},"end":{"line":47,"column":13}},"loc":{"start":{"line":47,"column":18},"end":{"line":56,"column":3}},"line":47},"3":{"name":"(anonymous_3)","decl":{"start":{"line":58,"column":22},"end":{"line":58,"column":23}},"loc":{"start":{"line":58,"column":39},"end":{"line":61,"column":3}},"line":58},"4":{"name":"(anonymous_4)","decl":{"start":{"line":71,"column":71},"end":{"line":71,"column":72}},"loc":{"start":{"line":71,"column":87},"end":{"line":71,"column":112}},"line":71},"5":{"name":"(anonymous_5)","decl":{"start":{"line":74,"column":87},"end":{"line":74,"column":88}},"loc":{"start":{"line":74,"column":103},"end":{"line":74,"column":128}},"line":74}},"branchMap":{"0":{"loc":{"start":{"line":48,"column":4},"end":{"line":55,"column":5}},"type":"if","locations":[{"start":{"line":48,"column":4},"end":{"line":55,"column":5}},{"start":{"line":48,"column":4},"end":{"line":55,"column":5}}],"line":48}},"s":{"0":1,"1":1,"2":1,"3":1,"4":1,"5":1,"6":1,"7":1,"8":1,"9":1,"10":0,"11":0,"12":0,"13":0,"14":0,"15":0,"16":1,"17":0,"18":0,"19":1,"20":0,"21":0},"f":{"0":1,"1":1,"2":1,"3":0,"4":0,"5":0},"b":{"0":[0,1]},"_coverageSchema":"1a1c01bbd47fc00a2c39e90264f33305004495a9","hash":"33d343c950bebc1ef35720791c7603b08e48f3f6"}
,"/Users/ollihirvonen/codestuff/fullstack-project/src/components/MainTimer.jsx": {"path":"/Users/ollihirvonen/codestuff/fullstack-project/src/components/MainTimer.jsx","statementMap":{"0":{"start":{"line":24,"column":18},"end":{"line":48,"column":3}},"1":{"start":{"line":24,"column":41},"end":{"line":48,"column":1}},"2":{"start":{"line":50,"column":22},"end":{"line":64,"column":1}},"3":{"start":{"line":53,"column":21},"end":{"line":53,"column":28}},"4":{"start":{"line":54,"column":2},"end":{"line":56,"column":3}},"5":{"start":{"line":55,"column":4},"end":{"line":55,"column":35}},"6":{"start":{"line":57,"column":2},"end":{"line":59,"column":3}},"7":{"start":{"line":58,"column":4},"end":{"line":58,"column":38}},"8":{"start":{"line":60,"column":2},"end":{"line":62,"column":3}},"9":{"start":{"line":61,"column":4},"end":{"line":61,"column":42}},"10":{"start":{"line":63,"column":2},"end":{"line":63,"column":22}},"11":{"start":{"line":66,"column":18},"end":{"line":265,"column":1}},"12":{"start":{"line":69,"column":6},"end":{"line":69,"column":20}},"13":{"start":{"line":70,"column":44},"end":{"line":70,"column":56}},"14":{"start":{"line":71,"column":32},"end":{"line":71,"column":44}},"15":{"start":{"line":72,"column":28},"end":{"line":72,"column":40}},"16":{"start":{"line":73,"column":36},"end":{"line":73,"column":51}},"17":{"start":{"line":74,"column":36},"end":{"line":74,"column":48}},"18":{"start":{"line":75,"column":40},"end":{"line":75,"column":55}},"19":{"start":{"line":76,"column":40},"end":{"line":76,"column":52}},"20":{"start":{"line":77,"column":19},"end":{"line":77,"column":41}},"21":{"start":{"line":79,"column":23},"end":{"line":81,"column":4}},"22":{"start":{"line":83,"column":18},"end":{"line":83,"column":29}},"23":{"start":{"line":85,"column":25},"end":{"line":88,"column":3}},"24":{"start":{"line":86,"column":22},"end":{"line":86,"column":34}},"25":{"start":{"line":87,"column":4},"end":{"line":87,"column":22}},"26":{"start":{"line":90,"column":22},"end":{"line":93,"column":3}},"27":{"start":{"line":91,"column":4},"end":{"line":91,"column":27}},"28":{"start":{"line":92,"column":4},"end":{"line":92,"column":33}},"29":{"start":{"line":95,"column":25},"end":{"line":104,"column":3}},"30":{"start":{"line":96,"column":4},"end":{"line":100,"column":5}},"31":{"start":{"line":97,"column":6},"end":{"line":97,"column":25}},"32":{"start":{"line":98,"column":6},"end":{"line":98,"column":38}},"33":{"start":{"line":99,"column":6},"end":{"line":99,"column":13}},"34":{"start":{"line":101,"column":24},"end":{"line":101,"column":81}},"35":{"start":{"line":101,"column":62},"end":{"line":101,"column":80}},"36":{"start":{"line":102,"column":4},"end":{"line":102,"column":34}},"37":{"start":{"line":103,"column":4},"end":{"line":103,"column":12}},"38":{"start":{"line":106,"column":24},"end":{"line":126,"column":3}},"39":{"start":{"line":107,"column":4},"end":{"line":107,"column":27}},"40":{"start":{"line":108,"column":4},"end":{"line":108,"column":12}},"41":{"start":{"line":109,"column":25},"end":{"line":111,"column":6}},"42":{"start":{"line":112,"column":4},"end":{"line":125,"column":5}},"43":{"start":{"line":113,"column":6},"end":{"line":116,"column":10}},"44":{"start":{"line":113,"column":38},"end":{"line":116,"column":7}},"45":{"start":{"line":117,"column":6},"end":{"line":117,"column":14}},"46":{"start":{"line":118,"column":6},"end":{"line":118,"column":21}},"47":{"start":{"line":120,"column":6},"end":{"line":123,"column":10}},"48":{"start":{"line":120,"column":38},"end":{"line":123,"column":7}},"49":{"start":{"line":124,"column":6},"end":{"line":124,"column":14}},"50":{"start":{"line":128,"column":20},"end":{"line":133,"column":3}},"51":{"start":{"line":129,"column":4},"end":{"line":132,"column":5}},"52":{"start":{"line":130,"column":19},"end":{"line":130,"column":70}},"53":{"start":{"line":130,"column":64},"end":{"line":130,"column":69}},"54":{"start":{"line":131,"column":6},"end":{"line":131,"column":18}},"55":{"start":{"line":132,"column":6},"end":{"line":132,"column":18}},"56":{"start":{"line":137,"column":30},"end":{"line":140,"column":3}},"57":{"start":{"line":138,"column":4},"end":{"line":138,"column":62}},"58":{"start":{"line":139,"column":4},"end":{"line":139,"column":25}},"59":{"start":{"line":142,"column":23},"end":{"line":160,"column":3}},"60":{"start":{"line":145,"column":4},"end":{"line":145,"column":26}},"61":{"start":{"line":146,"column":17},"end":{"line":146,"column":27}},"62":{"start":{"line":148,"column":24},"end":{"line":154,"column":5}},"63":{"start":{"line":150,"column":67},"end":{"line":150,"column":95}},"64":{"start":{"line":155,"column":4},"end":{"line":155,"column":50}},"65":{"start":{"line":157,"column":4},"end":{"line":157,"column":24}},"66":{"start":{"line":158,"column":4},"end":{"line":158,"column":17}},"67":{"start":{"line":162,"column":2},"end":{"line":166,"column":3}},"68":{"start":{"line":163,"column":4},"end":{"line":165,"column":6}},"69":{"start":{"line":168,"column":2},"end":{"line":264,"column":4}},"70":{"start":{"line":174,"column":22},"end":{"line":174,"column":26}},"71":{"start":{"line":200,"column":28},"end":{"line":200,"column":83}},"72":{"start":{"line":213,"column":14},"end":{"line":218,"column":27}}},"fnMap":{"0":{"name":"(anonymous_0)","decl":{"start":{"line":24,"column":29},"end":{"line":24,"column":30}},"loc":{"start":{"line":24,"column":41},"end":{"line":48,"column":1}},"line":24},"1":{"name":"(anonymous_1)","decl":{"start":{"line":50,"column":22},"end":{"line":50,"column":23}},"loc":{"start":{"line":52,"column":6},"end":{"line":64,"column":1}},"line":52},"2":{"name":"(anonymous_2)","decl":{"start":{"line":66,"column":18},"end":{"line":66,"column":19}},"loc":{"start":{"line":66,"column":70},"end":{"line":265,"column":1}},"line":66},"3":{"name":"(anonymous_3)","decl":{"start":{"line":85,"column":25},"end":{"line":85,"column":26}},"loc":{"start":{"line":85,"column":36},"end":{"line":88,"column":3}},"line":85},"4":{"name":"(anonymous_4)","decl":{"start":{"line":90,"column":22},"end":{"line":90,"column":23}},"loc":{"start":{"line":90,"column":33},"end":{"line":93,"column":3}},"line":90},"5":{"name":"(anonymous_5)","decl":{"start":{"line":95,"column":25},"end":{"line":95,"column":26}},"loc":{"start":{"line":95,"column":31},"end":{"line":104,"column":3}},"line":95},"6":{"name":"(anonymous_6)","decl":{"start":{"line":101,"column":55},"end":{"line":101,"column":56}},"loc":{"start":{"line":101,"column":62},"end":{"line":101,"column":80}},"line":101},"7":{"name":"(anonymous_7)","decl":{"start":{"line":106,"column":24},"end":{"line":106,"column":25}},"loc":{"start":{"line":106,"column":35},"end":{"line":126,"column":3}},"line":106},"8":{"name":"(anonymous_8)","decl":{"start":{"line":113,"column":22},"end":{"line":113,"column":23}},"loc":{"start":{"line":113,"column":38},"end":{"line":116,"column":7}},"line":113},"9":{"name":"(anonymous_9)","decl":{"start":{"line":120,"column":22},"end":{"line":120,"column":23}},"loc":{"start":{"line":120,"column":38},"end":{"line":123,"column":7}},"line":120},"10":{"name":"(anonymous_10)","decl":{"start":{"line":128,"column":20},"end":{"line":128,"column":21}},"loc":{"start":{"line":128,"column":26},"end":{"line":133,"column":3}},"line":128},"11":{"name":"(anonymous_11)","decl":{"start":{"line":130,"column":54},"end":{"line":130,"column":55}},"loc":{"start":{"line":130,"column":64},"end":{"line":130,"column":69}},"line":130},"12":{"name":"(anonymous_12)","decl":{"start":{"line":137,"column":30},"end":{"line":137,"column":31}},"loc":{"start":{"line":137,"column":36},"end":{"line":140,"column":3}},"line":137},"13":{"name":"(anonymous_13)","decl":{"start":{"line":142,"column":23},"end":{"line":142,"column":24}},"loc":{"start":{"line":142,"column":29},"end":{"line":160,"column":3}},"line":142},"14":{"name":"(anonymous_14)","decl":{"start":{"line":150,"column":59},"end":{"line":150,"column":60}},"loc":{"start":{"line":150,"column":67},"end":{"line":150,"column":95}},"line":150},"15":{"name":"(anonymous_15)","decl":{"start":{"line":174,"column":16},"end":{"line":174,"column":17}},"loc":{"start":{"line":174,"column":22},"end":{"line":174,"column":26}},"line":174},"16":{"name":"(anonymous_16)","decl":{"start":{"line":200,"column":21},"end":{"line":200,"column":22}},"loc":{"start":{"line":200,"column":28},"end":{"line":200,"column":83}},"line":200},"17":{"name":"(anonymous_17)","decl":{"start":{"line":212,"column":46},"end":{"line":212,"column":47}},"loc":{"start":{"line":213,"column":14},"end":{"line":218,"column":27}},"line":213}},"branchMap":{"0":{"loc":{"start":{"line":54,"column":2},"end":{"line":56,"column":3}},"type":"if","locations":[{"start":{"line":54,"column":2},"end":{"line":56,"column":3}},{"start":{"line":54,"column":2},"end":{"line":56,"column":3}}],"line":54},"1":{"loc":{"start":{"line":57,"column":2},"end":{"line":59,"column":3}},"type":"if","locations":[{"start":{"line":57,"column":2},"end":{"line":59,"column":3}},{"start":{"line":57,"column":2},"end":{"line":59,"column":3}}],"line":57},"2":{"loc":{"start":{"line":60,"column":2},"end":{"line":62,"column":3}},"type":"if","locations":[{"start":{"line":60,"column":2},"end":{"line":62,"column":3}},{"start":{"line":60,"column":2},"end":{"line":62,"column":3}}],"line":60},"3":{"loc":{"start":{"line":96,"column":4},"end":{"line":100,"column":5}},"type":"if","locations":[{"start":{"line":96,"column":4},"end":{"line":100,"column":5}},{"start":{"line":96,"column":4},"end":{"line":100,"column":5}}],"line":96},"4":{"loc":{"start":{"line":112,"column":4},"end":{"line":125,"column":5}},"type":"if","locations":[{"start":{"line":112,"column":4},"end":{"line":125,"column":5}},{"start":{"line":112,"column":4},"end":{"line":125,"column":5}}],"line":112},"5":{"loc":{"start":{"line":129,"column":4},"end":{"line":132,"column":5}},"type":"if","locations":[{"start":{"line":129,"column":4},"end":{"line":132,"column":5}},{"start":{"line":129,"column":4},"end":{"line":132,"column":5}}],"line":129},"6":{"loc":{"start":{"line":162,"column":2},"end":{"line":166,"column":3}},"type":"if","locations":[{"start":{"line":162,"column":2},"end":{"line":166,"column":3}},{"start":{"line":162,"column":2},"end":{"line":166,"column":3}}],"line":162},"7":{"loc":{"start":{"line":227,"column":11},"end":{"line":238,"column":101}},"type":"cond-expr","locations":[{"start":{"line":229,"column":14},"end":{"line":236,"column":17}},{"start":{"line":238,"column":14},"end":{"line":238,"column":101}}],"line":227},"8":{"loc":{"start":{"line":241,"column":12},"end":{"line":260,"column":83}},"type":"cond-expr","locations":[{"start":{"line":243,"column":14},"end":{"line":258,"column":17}},{"start":{"line":260,"column":14},"end":{"line":260,"column":83}}],"line":241}},"s":{"0":1,"1":2,"2":1,"3":0,"4":0,"5":0,"6":0,"7":0,"8":0,"9":0,"10":0,"11":1,"12":6,"13":6,"14":6,"15":6,"16":6,"17":6,"18":6,"19":6,"20":6,"21":6,"22":6,"23":6,"24":0,"25":0,"26":6,"27":0,"28":0,"29":6,"30":2,"31":2,"32":2,"33":2,"34":0,"35":0,"36":0,"37":0,"38":6,"39":0,"40":0,"41":0,"42":0,"43":0,"44":0,"45":0,"46":0,"47":0,"48":0,"49":0,"50":6,"51":4,"52":4,"53":4,"54":4,"55":0,"56":6,"57":0,"58":0,"59":6,"60":0,"61":0,"62":0,"63":0,"64":0,"65":0,"66":0,"67":6,"68":2,"69":4,"70":0,"71":20,"72":8},"f":{"0":2,"1":0,"2":6,"3":0,"4":0,"5":2,"6":0,"7":0,"8":0,"9":0,"10":4,"11":4,"12":0,"13":0,"14":0,"15":0,"16":20,"17":8},"b":{"0":[0,0],"1":[0,0],"2":[0,0],"3":[2,0],"4":[0,0],"5":[4,0],"6":[2,4],"7":[2,2],"8":[0,4]},"_coverageSchema":"1a1c01bbd47fc00a2c39e90264f33305004495a9","hash":"c0d4cfd22c3cfc13ddf3d8a2ce6aaad985288a20"}
,"/Users/ollihirvonen/codestuff/fullstack-project/src/components/SessionHistory.jsx": {"path":"/Users/ollihirvonen/codestuff/fullstack-project/src/components/SessionHistory.jsx","statementMap":{"0":{"start":{"line":9,"column":18},"end":{"line":30,"column":2}},"1":{"start":{"line":32,"column":23},"end":{"line":117,"column":1}},"2":{"start":{"line":33,"column":18},"end":{"line":33,"column":29}},"3":{"start":{"line":34,"column":2},"end":{"line":34,"column":32}},"4":{"start":{"line":34,"column":20},"end":{"line":34,"column":32}},"5":{"start":{"line":35,"column":19},"end":{"line":37,"column":4}},"6":{"start":{"line":39,"column":2},"end":{"line":43,"column":3}},"7":{"start":{"line":40,"column":4},"end":{"line":42,"column":6}},"8":{"start":{"line":45,"column":18},"end":{"line":45,"column":19}},"9":{"start":{"line":46,"column":2},"end":{"line":52,"column":3}},"10":{"start":{"line":47,"column":4},"end":{"line":51,"column":5}},"11":{"start":{"line":48,"column":6},"end":{"line":50,"column":33}},"12":{"start":{"line":49,"column":20},"end":{"line":49,"column":33}},"13":{"start":{"line":50,"column":26},"end":{"line":50,"column":31}},"14":{"start":{"line":55,"column":2},"end":{"line":116,"column":4}},"15":{"start":{"line":86,"column":10},"end":{"line":112,"column":17}},"16":{"start":{"line":99,"column":14},"end":{"line":105,"column":19}}},"fnMap":{"0":{"name":"(anonymous_0)","decl":{"start":{"line":32,"column":23},"end":{"line":32,"column":24}},"loc":{"start":{"line":32,"column":44},"end":{"line":117,"column":1}},"line":32},"1":{"name":"(anonymous_1)","decl":{"start":{"line":49,"column":13},"end":{"line":49,"column":14}},"loc":{"start":{"line":49,"column":20},"end":{"line":49,"column":33}},"line":49},"2":{"name":"(anonymous_2)","decl":{"start":{"line":50,"column":16},"end":{"line":50,"column":17}},"loc":{"start":{"line":50,"column":26},"end":{"line":50,"column":31}},"line":50},"3":{"name":"(anonymous_3)","decl":{"start":{"line":85,"column":39},"end":{"line":85,"column":40}},"loc":{"start":{"line":86,"column":10},"end":{"line":112,"column":17}},"line":86},"4":{"name":"(anonymous_4)","decl":{"start":{"line":98,"column":38},"end":{"line":98,"column":39}},"loc":{"start":{"line":99,"column":14},"end":{"line":105,"column":19}},"line":99}},"branchMap":{"0":{"loc":{"start":{"line":34,"column":2},"end":{"line":34,"column":32}},"type":"if","locations":[{"start":{"line":34,"column":2},"end":{"line":34,"column":32}},{"start":{"line":34,"column":2},"end":{"line":34,"column":32}}],"line":34},"1":{"loc":{"start":{"line":39,"column":2},"end":{"line":43,"column":3}},"type":"if","locations":[{"start":{"line":39,"column":2},"end":{"line":43,"column":3}},{"start":{"line":39,"column":2},"end":{"line":43,"column":3}}],"line":39},"2":{"loc":{"start":{"line":39,"column":6},"end":{"line":39,"column":40}},"type":"binary-expr","locations":[{"start":{"line":39,"column":6},"end":{"line":39,"column":22}},{"start":{"line":39,"column":26},"end":{"line":39,"column":40}}],"line":39},"3":{"loc":{"start":{"line":46,"column":2},"end":{"line":52,"column":3}},"type":"if","locations":[{"start":{"line":46,"column":2},"end":{"line":52,"column":3}},{"start":{"line":46,"column":2},"end":{"line":52,"column":3}}],"line":46},"4":{"loc":{"start":{"line":47,"column":4},"end":{"line":51,"column":5}},"type":"if","locations":[{"start":{"line":47,"column":4},"end":{"line":51,"column":5}},{"start":{"line":47,"column":4},"end":{"line":51,"column":5}}],"line":47}},"s":{"0":1,"1":1,"2":3,"3":3,"4":0,"5":3,"6":3,"7":2,"8":1,"9":1,"10":1,"11":1,"12":1,"13":0,"14":1,"15":1,"16":1},"f":{"0":3,"1":1,"2":0,"3":1,"4":1},"b":{"0":[0,3],"1":[2,1],"2":[3,1],"3":[1,0],"4":[1,0]},"_coverageSchema":"1a1c01bbd47fc00a2c39e90264f33305004495a9","hash":"45f648fca28bce78594e5b0408baed2030bc2e36"}
,"/Users/ollihirvonen/codestuff/fullstack-project/src/components/SignUpForm.jsx": {"path":"/Users/ollihirvonen/codestuff/fullstack-project/src/components/SignUpForm.jsx","statementMap":{"0":{"start":{"line":10,"column":18},"end":{"line":34,"column":3}},"1":{"start":{"line":10,"column":41},"end":{"line":34,"column":1}},"2":{"start":{"line":36,"column":19},"end":{"line":93,"column":1}},"3":{"start":{"line":37,"column":34},"end":{"line":37,"column":46}},"4":{"start":{"line":38,"column":34},"end":{"line":38,"column":46}},"5":{"start":{"line":39,"column":38},"end":{"line":39,"column":50}},"6":{"start":{"line":40,"column":36},"end":{"line":40,"column":48}},"7":{"start":{"line":41,"column":36},"end":{"line":41,"column":51}},"8":{"start":{"line":42,"column":19},"end":{"line":42,"column":40}},"9":{"start":{"line":44,"column":18},"end":{"line":44,"column":30}},"10":{"start":{"line":45,"column":18},"end":{"line":45,"column":29}},"11":{"start":{"line":47,"column":22},"end":{"line":50,"column":3}},"12":{"start":{"line":48,"column":4},"end":{"line":48,"column":23}},"13":{"start":{"line":49,"column":4},"end":{"line":49,"column":23}},"14":{"start":{"line":52,"column":23},"end":{"line":58,"column":3}},"15":{"start":{"line":53,"column":4},"end":{"line":53,"column":23}},"16":{"start":{"line":54,"column":20},"end":{"line":54,"column":54}},"17":{"start":{"line":56,"column":4},"end":{"line":56,"column":42}},"18":{"start":{"line":57,"column":4},"end":{"line":57,"column":55}},"19":{"start":{"line":59,"column":2},"end":{"line":92,"column":4}},"20":{"start":{"line":65,"column":22},"end":{"line":65,"column":44}},"21":{"start":{"line":75,"column":89},"end":{"line":75,"column":114}},"22":{"start":{"line":78,"column":93},"end":{"line":78,"column":120}},"23":{"start":{"line":81,"column":105},"end":{"line":81,"column":130}}},"fnMap":{"0":{"name":"(anonymous_0)","decl":{"start":{"line":10,"column":29},"end":{"line":10,"column":30}},"loc":{"start":{"line":10,"column":41},"end":{"line":34,"column":1}},"line":10},"1":{"name":"(anonymous_1)","decl":{"start":{"line":36,"column":19},"end":{"line":36,"column":20}},"loc":{"start":{"line":36,"column":25},"end":{"line":93,"column":1}},"line":36},"2":{"name":"(anonymous_2)","decl":{"start":{"line":47,"column":22},"end":{"line":47,"column":23}},"loc":{"start":{"line":47,"column":32},"end":{"line":50,"column":3}},"line":47},"3":{"name":"(anonymous_3)","decl":{"start":{"line":52,"column":23},"end":{"line":52,"column":24}},"loc":{"start":{"line":52,"column":30},"end":{"line":58,"column":3}},"line":52},"4":{"name":"(anonymous_4)","decl":{"start":{"line":65,"column":16},"end":{"line":65,"column":17}},"loc":{"start":{"line":65,"column":22},"end":{"line":65,"column":44}},"line":65},"5":{"name":"(anonymous_5)","decl":{"start":{"line":75,"column":73},"end":{"line":75,"column":74}},"loc":{"start":{"line":75,"column":89},"end":{"line":75,"column":114}},"line":75},"6":{"name":"(anonymous_6)","decl":{"start":{"line":78,"column":77},"end":{"line":78,"column":78}},"loc":{"start":{"line":78,"column":93},"end":{"line":78,"column":120}},"line":78},"7":{"name":"(anonymous_7)","decl":{"start":{"line":81,"column":89},"end":{"line":81,"column":90}},"loc":{"start":{"line":81,"column":105},"end":{"line":81,"column":130}},"line":81}},"branchMap":{},"s":{"0":1,"1":1,"2":1,"3":1,"4":1,"5":1,"6":1,"7":1,"8":1,"9":1,"10":1,"11":1,"12":0,"13":0,"14":1,"15":0,"16":0,"17":0,"18":0,"19":1,"20":0,"21":0,"22":0,"23":0},"f":{"0":1,"1":1,"2":0,"3":0,"4":0,"5":0,"6":0,"7":0},"b":{},"_coverageSchema":"1a1c01bbd47fc00a2c39e90264f33305004495a9","hash":"f8468650e5c89fc0ea1c6835d76cb7407439f8fa"}
,"/Users/ollihirvonen/codestuff/fullstack-project/src/components/SubjectForm.jsx": {"path":"/Users/ollihirvonen/codestuff/fullstack-project/src/components/SubjectForm.jsx","statementMap":{"0":{"start":{"line":11,"column":18},"end":{"line":35,"column":3}},"1":{"start":{"line":11,"column":41},"end":{"line":35,"column":1}},"2":{"start":{"line":37,"column":20},"end":{"line":92,"column":1}},"3":{"start":{"line":38,"column":26},"end":{"line":38,"column":38}},"4":{"start":{"line":39,"column":40},"end":{"line":39,"column":52}},"5":{"start":{"line":40,"column":36},"end":{"line":40,"column":48}},"6":{"start":{"line":41,"column":36},"end":{"line":41,"column":51}},"7":{"start":{"line":42,"column":23},"end":{"line":44,"column":4}},"8":{"start":{"line":46,"column":18},"end":{"line":46,"column":30}},"9":{"start":{"line":47,"column":18},"end":{"line":47,"column":29}},"10":{"start":{"line":49,"column":22},"end":{"line":52,"column":3}},"11":{"start":{"line":50,"column":4},"end":{"line":50,"column":23}},"12":{"start":{"line":51,"column":4},"end":{"line":51,"column":23}},"13":{"start":{"line":54,"column":27},"end":{"line":60,"column":3}},"14":{"start":{"line":55,"column":4},"end":{"line":55,"column":23}},"15":{"start":{"line":56,"column":23},"end":{"line":56,"column":44}},"16":{"start":{"line":58,"column":4},"end":{"line":58,"column":49}},"17":{"start":{"line":59,"column":4},"end":{"line":59,"column":45}},"18":{"start":{"line":61,"column":2},"end":{"line":91,"column":4}},"19":{"start":{"line":67,"column":22},"end":{"line":67,"column":39}},"20":{"start":{"line":77,"column":84},"end":{"line":77,"column":105}},"21":{"start":{"line":80,"column":95},"end":{"line":80,"column":123}}},"fnMap":{"0":{"name":"(anonymous_0)","decl":{"start":{"line":11,"column":29},"end":{"line":11,"column":30}},"loc":{"start":{"line":11,"column":41},"end":{"line":35,"column":1}},"line":11},"1":{"name":"(anonymous_1)","decl":{"start":{"line":37,"column":20},"end":{"line":37,"column":21}},"loc":{"start":{"line":37,"column":26},"end":{"line":92,"column":1}},"line":37},"2":{"name":"(anonymous_2)","decl":{"start":{"line":49,"column":22},"end":{"line":49,"column":23}},"loc":{"start":{"line":49,"column":32},"end":{"line":52,"column":3}},"line":49},"3":{"name":"(anonymous_3)","decl":{"start":{"line":54,"column":27},"end":{"line":54,"column":28}},"loc":{"start":{"line":54,"column":34},"end":{"line":60,"column":3}},"line":54},"4":{"name":"(anonymous_4)","decl":{"start":{"line":67,"column":16},"end":{"line":67,"column":17}},"loc":{"start":{"line":67,"column":22},"end":{"line":67,"column":39}},"line":67},"5":{"name":"(anonymous_5)","decl":{"start":{"line":77,"column":68},"end":{"line":77,"column":69}},"loc":{"start":{"line":77,"column":84},"end":{"line":77,"column":105}},"line":77},"6":{"name":"(anonymous_6)","decl":{"start":{"line":80,"column":79},"end":{"line":80,"column":80}},"loc":{"start":{"line":80,"column":95},"end":{"line":80,"column":123}},"line":80}},"branchMap":{},"s":{"0":1,"1":1,"2":1,"3":1,"4":1,"5":1,"6":1,"7":1,"8":1,"9":1,"10":1,"11":0,"12":0,"13":1,"14":0,"15":0,"16":0,"17":0,"18":1,"19":0,"20":0,"21":0},"f":{"0":1,"1":1,"2":0,"3":0,"4":0,"5":0,"6":0},"b":{},"_coverageSchema":"1a1c01bbd47fc00a2c39e90264f33305004495a9","hash":"1a01bf1bed66f75c29690a900620ca868ee710fb"}
,"/Users/ollihirvonen/codestuff/fullstack-project/src/graphql/fragments.js": {"path":"/Users/ollihirvonen/codestuff/fullstack-project/src/graphql/fragments.js","statementMap":{"0":{"start":{"line":3,"column":29},"end":{"line":15,"column":1}},"1":{"start":{"line":17,"column":29},"end":{"line":23,"column":1}},"2":{"start":{"line":25,"column":26},"end":{"line":31,"column":1}}},"fnMap":{},"branchMap":{},"s":{"0":5,"1":5,"2":5},"f":{},"b":{},"_coverageSchema":"1a1c01bbd47fc00a2c39e90264f33305004495a9","hash":"770b737ffdd6c26e5f4da974c5fd2e737d5a8ae4"}
,"/Users/ollihirvonen/codestuff/fullstack-project/src/graphql/mutations.js": {"path":"/Users/ollihirvonen/codestuff/fullstack-project/src/graphql/mutations.js","statementMap":{"0":{"start":{"line":4,"column":27},"end":{"line":23,"column":1}},"1":{"start":{"line":25,"column":24},"end":{"line":33,"column":1}},"2":{"start":{"line":35,"column":27},"end":{"line":43,"column":1}},"3":{"start":{"line":45,"column":21},"end":{"line":60,"column":1}}},"fnMap":{},"branchMap":{},"s":{"0":4,"1":4,"2":4,"3":4},"f":{},"b":{},"_coverageSchema":"1a1c01bbd47fc00a2c39e90264f33305004495a9","hash":"f6530a7fdb0f07f65007de403429fb39c7a3f929"}
,"/Users/ollihirvonen/codestuff/fullstack-project/src/graphql/queries.js": {"path":"/Users/ollihirvonen/codestuff/fullstack-project/src/graphql/queries.js","statementMap":{"0":{"start":{"line":4,"column":28},"end":{"line":11,"column":1}},"1":{"start":{"line":13,"column":28},"end":{"line":22,"column":1}},"2":{"start":{"line":24,"column":28},"end":{"line":31,"column":1}},"3":{"start":{"line":33,"column":25},"end":{"line":40,"column":1}}},"fnMap":{},"branchMap":{},"s":{"0":4,"1":4,"2":4,"3":4},"f":{},"b":{},"_coverageSchema":"1a1c01bbd47fc00a2c39e90264f33305004495a9","hash":"a8c5aa1de18f8bb0d3e76771948d2039dfdcd459"}
}
