TN:
SF:src/utils.js
FN:1,(anonymous_0)
FNF:1
FNH:1
FNDA:15,(anonymous_0)
DA:1,2
DA:2,15
DA:3,15
DA:5,0
LF:4
LH:3
BRDA:2,0,0,15
BRDA:2,0,1,0
BRF:2
BRH:1
end_of_record
TN:
SF:src/components/Alert.jsx
FN:9,AlertDialog
FN:12,(anonymous_1)
FNF:2
FNH:2
FNDA:8,AlertDialog
FNDA:1,(anonymous_1)
DA:12,8
DA:13,1
DA:14,1
DA:17,8
LF:4
LH:4
BRF:0
BRH:0
end_of_record
TN:
SF:src/components/Confirm.jsx
FN:9,ConfirmDialog
FN:12,(anonymous_1)
FNF:2
FNH:2
FNDA:7,ConfirmDialog
FNDA:1,(anonymous_1)
DA:12,7
DA:13,1
DA:16,7
LF:3
LH:3
BRF:0
BRH:0
end_of_record
TN:
SF:src/components/Header.jsx
FN:7,(anonymous_0)
FN:13,(anonymous_1)
FNF:2
FNH:2
FNDA:2,(anonymous_0)
FNDA:2,(anonymous_1)
DA:7,2
DA:13,1
DA:14,2
DA:15,2
LF:4
LH:4
BRDA:26,0,0,1
BRDA:26,0,1,1
BRDA:38,1,0,1
BRDA:38,1,1,1
BRF:4
BRH:4
end_of_record
TN:
SF:src/components/LoginForm.jsx
FN:11,(anonymous_0)
FN:37,(anonymous_1)
FN:47,(anonymous_2)
FN:58,(anonymous_3)
FN:71,(anonymous_4)
FN:74,(anonymous_5)
FNF:6
FNH:3
FNDA:1,(anonymous_0)
FNDA:1,(anonymous_1)
FNDA:1,(anonymous_2)
FNDA:0,(anonymous_3)
FNDA:0,(anonymous_4)
FNDA:0,(anonymous_5)
DA:11,1
DA:37,1
DA:38,1
DA:39,1
DA:40,1
DA:44,1
DA:46,1
DA:47,1
DA:48,1
DA:49,0
DA:50,0
DA:51,0
DA:52,0
DA:53,0
DA:54,0
DA:58,1
DA:59,0
DA:60,0
DA:62,1
DA:71,0
DA:74,0
LF:21
LH:11
BRDA:48,0,0,0
BRDA:48,0,1,1
BRF:2
BRH:1
end_of_record
TN:
SF:src/components/MainTimer.jsx
FN:24,(anonymous_0)
FN:50,(anonymous_1)
FN:66,(anonymous_2)
FN:85,(anonymous_3)
FN:90,(anonymous_4)
FN:95,(anonymous_5)
FN:101,(anonymous_6)
FN:106,(anonymous_7)
FN:113,(anonymous_8)
FN:120,(anonymous_9)
FN:128,(anonymous_10)
FN:130,(anonymous_11)
FN:137,(anonymous_12)
FN:142,(anonymous_13)
FN:150,(anonymous_14)
FN:174,(anonymous_15)
FN:200,(anonymous_16)
FN:212,(anonymous_17)
FNF:18
FNH:7
FNDA:2,(anonymous_0)
FNDA:0,(anonymous_1)
FNDA:6,(anonymous_2)
FNDA:0,(anonymous_3)
FNDA:0,(anonymous_4)
FNDA:2,(anonymous_5)
FNDA:0,(anonymous_6)
FNDA:0,(anonymous_7)
FNDA:0,(anonymous_8)
FNDA:0,(anonymous_9)
FNDA:4,(anonymous_10)
FNDA:4,(anonymous_11)
FNDA:0,(anonymous_12)
FNDA:0,(anonymous_13)
FNDA:0,(anonymous_14)
FNDA:0,(anonymous_15)
FNDA:20,(anonymous_16)
FNDA:8,(anonymous_17)
DA:24,2
DA:50,1
DA:53,0
DA:54,0
DA:55,0
DA:57,0
DA:58,0
DA:60,0
DA:61,0
DA:63,0
DA:66,1
DA:69,6
DA:70,6
DA:71,6
DA:72,6
DA:73,6
DA:74,6
DA:75,6
DA:76,6
DA:77,6
DA:79,6
DA:83,6
DA:85,6
DA:86,0
DA:87,0
DA:90,6
DA:91,0
DA:92,0
DA:95,6
DA:96,2
DA:97,2
DA:98,2
DA:99,2
DA:101,0
DA:102,0
DA:103,0
DA:106,6
DA:107,0
DA:108,0
DA:109,0
DA:112,0
DA:113,0
DA:117,0
DA:118,0
DA:120,0
DA:124,0
DA:128,6
DA:129,4
DA:130,4
DA:131,4
DA:132,0
DA:137,6
DA:138,0
DA:139,0
DA:142,6
DA:145,0
DA:146,0
DA:148,0
DA:150,0
DA:155,0
DA:157,0
DA:158,0
DA:162,6
DA:163,2
DA:168,4
DA:174,0
DA:200,20
DA:213,8
LF:68
LH:33
BRDA:54,0,0,0
BRDA:54,0,1,0
BRDA:57,1,0,0
BRDA:57,1,1,0
BRDA:60,2,0,0
BRDA:60,2,1,0
BRDA:96,3,0,2
BRDA:96,3,1,0
BRDA:112,4,0,0
BRDA:112,4,1,0
BRDA:129,5,0,4
BRDA:129,5,1,0
BRDA:162,6,0,2
BRDA:162,6,1,4
BRDA:227,7,0,2
BRDA:227,7,1,2
BRDA:241,8,0,0
BRDA:241,8,1,4
BRF:18
BRH:7
end_of_record
TN:
SF:src/components/SessionHistory.jsx
FN:32,(anonymous_0)
FN:49,(anonymous_1)
FN:50,(anonymous_2)
FN:85,(anonymous_3)
FN:98,(anonymous_4)
FNF:5
FNH:4
FNDA:3,(anonymous_0)
FNDA:1,(anonymous_1)
FNDA:0,(anonymous_2)
FNDA:1,(anonymous_3)
FNDA:1,(anonymous_4)
DA:9,1
DA:32,1
DA:33,3
DA:34,3
DA:35,3
DA:39,3
DA:40,2
DA:45,1
DA:46,1
DA:47,1
DA:48,1
DA:49,1
DA:50,0
DA:55,1
DA:86,1
DA:99,1
LF:16
LH:15
BRDA:34,0,0,0
BRDA:34,0,1,3
BRDA:39,1,0,2
BRDA:39,1,1,1
BRDA:39,2,0,3
BRDA:39,2,1,1
BRDA:46,3,0,1
BRDA:46,3,1,0
BRDA:47,4,0,1
BRDA:47,4,1,0
BRF:10
BRH:7
end_of_record
TN:
SF:src/components/SignUpForm.jsx
FN:10,(anonymous_0)
FN:36,(anonymous_1)
FN:47,(anonymous_2)
FN:52,(anonymous_3)
FN:65,(anonymous_4)
FN:75,(anonymous_5)
FN:78,(anonymous_6)
FN:81,(anonymous_7)
FNF:8
FNH:2
FNDA:1,(anonymous_0)
FNDA:1,(anonymous_1)
FNDA:0,(anonymous_2)
FNDA:0,(anonymous_3)
FNDA:0,(anonymous_4)
FNDA:0,(anonymous_5)
FNDA:0,(anonymous_6)
FNDA:0,(anonymous_7)
DA:10,1
DA:36,1
DA:37,1
DA:38,1
DA:39,1
DA:40,1
DA:41,1
DA:42,1
DA:44,1
DA:45,1
DA:47,1
DA:48,0
DA:49,0
DA:52,1
DA:53,0
DA:54,0
DA:56,0
DA:57,0
DA:59,1
DA:65,0
DA:75,0
DA:78,0
DA:81,0
LF:23
LH:13
BRF:0
BRH:0
end_of_record
TN:
SF:src/components/SubjectForm.jsx
FN:11,(anonymous_0)
FN:37,(anonymous_1)
FN:49,(anonymous_2)
FN:54,(anonymous_3)
FN:67,(anonymous_4)
FN:77,(anonymous_5)
FN:80,(anonymous_6)
FNF:7
FNH:2
FNDA:1,(anonymous_0)
FNDA:1,(anonymous_1)
FNDA:0,(anonymous_2)
FNDA:0,(anonymous_3)
FNDA:0,(anonymous_4)
FNDA:0,(anonymous_5)
FNDA:0,(anonymous_6)
DA:11,1
DA:37,1
DA:38,1
DA:39,1
DA:40,1
DA:41,1
DA:42,1
DA:46,1
DA:47,1
DA:49,1
DA:50,0
DA:51,0
DA:54,1
DA:55,0
DA:56,0
DA:58,0
DA:59,0
DA:61,1
DA:67,0
DA:77,0
DA:80,0
LF:21
LH:12
BRF:0
BRH:0
end_of_record
TN:
SF:src/graphql/fragments.js
FNF:0
FNH:0
DA:3,5
DA:17,5
DA:25,5
LF:3
LH:3
BRF:0
BRH:0
end_of_record
TN:
SF:src/graphql/mutations.js
FNF:0
FNH:0
DA:4,4
DA:25,4
DA:35,4
DA:45,4
LF:4
LH:4
BRF:0
BRH:0
end_of_record
TN:
SF:src/graphql/queries.js
FNF:0
FNH:0
DA:4,4
DA:13,4
DA:24,4
DA:33,4
LF:4
LH:4
BRF:0
BRH:0
end_of_record
